
running 7 tests
test parser_tests::tests::parse_no_ops ... ok
test parser_tests::tests::parse_status ... ok
test parser_tests::tests::parse_ignore_nums_after_short_flags ... ok
test parser_tests::tests::parse_general ... ok
test parser_tests::tests::parse_enumerate ... ok
test cache_tests::tests::cache_path_normal ... ok
test cache_tests::tests::cache_path_diff_dir ... ok

test result: ok. 7 passed; 0 failed; 0 ignored; 0 measured; 0 filtered out; finished in 0.02s


running 0 tests

test result: ok. 0 passed; 0 failed; 0 ignored; 0 measured; 0 filtered out; finished in 0.00s


running 14 tests
test integration::porcelain_status ... ok
test integration::range_overlap ... ok
test integration::add_unindexed_number ... ok
test integration::not_from_git_root ... ok
test integration::change_cwd_after_status ... ok
test integration::staging_files_with_filename ... ok
test integration2::detached_head ... FAILED
test integration::short_status ... ok
test integration::reset_unindexed_number ... ok
test integration::untracked_files ... ok
test integration::every_git_state ... ok
test integration::staging_files_with_numbers ... ok
test integration::merge_conflict ... ok
test many_files::many_files ... ok

failures:

---- integration2::detached_head stdout ----
thread 'integration2::detached_head' panicked at '
printed outputs differ!

expected:
~~~~~~~~~~~~~~~~~~~~~~~~~~~~~~~~~~~~~~~~~~~~~~~~~~~~~~~~~~~~~~~~~~~~~~
On branch RIGHT
You have unmerged paths.

Changes to be committed:
1	[32mnew file:   fileA[m
2	[32mnew file:   fileB[m

Unmerged paths:
3	[31mboth added:      conflict_file[m

Untracked files:
4	[31mfileC[m


~~~~~~~~~~~~~~~~~~~~~~~~~~~~~~~~~~~~~~~~~~~~~~~~~~~~~~~~~~~~~~~~~~~~~~

received:
~~~~~~~~~~~~~~~~~~~~~~~~~~~~~~~~~~~~~~~~~~~~~~~~~~~~~~~~~~~~~~~~~~~~~~
[31mHEAD detached at [me4611dd
nothing to commit, working tree clean

~~~~~~~~~~~~~~~~~~~~~~~~~~~~~~~~~~~~~~~~~~~~~~~~~~~~~~~~~~~~~~~~~~~~~~
', tests/test.rs:156:9
note: run with `RUST_BACKTRACE=1` environment variable to display a backtrace


failures:
    integration2::detached_head

test result: FAILED. 13 passed; 1 failed; 0 ignored; 0 measured; 0 filtered out; finished in 0.31s

